18:57:41.816 [info] Child {LoggerFileBackend, :general_log} of Supervisor Logger.Backends.Supervisor started
Pid: #PID<0.118.0>
Start Call: Logger.Backends.Watcher.start_link({{LoggerFileBackend, :general_log}, {LoggerFileBackend, :general_log}})
Restart: :transient
Shutdown: 5000
Type: :worker
18:57:41.816 [info] Child Logger.Backends.Supervisor of Supervisor Logger.Backends.Internal started
Pid: #PID<0.117.0>
Start Call: Logger.Backends.Supervisor.start_link([{LoggerFileBackend, :general_log}])
Restart: :permanent
Shutdown: :infinity
Type: :supervisor
18:57:41.816 [info] Child Logger.Backends.Internal of Supervisor Logger.Supervisor started
Pid: #PID<0.113.0>
Start Call: Logger.Backends.Internal.start_link([])
Restart: :permanent
Shutdown: :infinity
Type: :supervisor
18:57:41.816 [info] Application logger started at :nonode@nohost
18:57:42.732 [info] Child :ttb_autostart of Supervisor :runtime_tools_sup started
Pid: #PID<0.1440.0>
Start Call: :ttb_autostart.start_link()
Restart: :temporary
Shutdown: 3000
Type: :worker
18:57:42.732 [info] Application runtime_tools started at :nonode@nohost
18:57:42.734 [info] Application erts started at :nonode@nohost
18:57:42.734 [info] Application lx_lexical_shared started at :nonode@nohost
18:57:42.735 [info] Child LXSnowflake.Generator of Supervisor #PID<0.1446.0> (Supervisor.Default) started
Pid: #PID<0.1447.0>
Start Call: LXSnowflake.Generator.start_link(1704070800000, 1)
Restart: :permanent
Shutdown: 5000
Type: :worker
18:57:42.735 [info] Application lx_snowflake started at :nonode@nohost
18:57:42.735 [info] Application lx_sourceror started at :nonode@nohost
18:57:42.735 [info] Application lx_common started at :nonode@nohost
18:57:42.735 [info] Application lx_elixir_sense started at :nonode@nohost
18:57:42.740 [info] Application jason started at :nonode@nohost
18:57:42.740 [info] Application logger_file_backend started at :nonode@nohost
18:57:42.740 [info] Application lx_path_glob started at :nonode@nohost
18:57:42.740 [info] Application lx_proto started at :nonode@nohost
18:57:42.740 [info] Application lx_protocol started at :nonode@nohost
18:57:42.749 [info] Child LXical.Document.Store of Supervisor LXical.Server.Supervisor started
Pid: #PID<0.1460.0>
Start Call: LXical.Document.Store.start_link([derive: [analysis: &LXical.Ast.analyze/1]])
Restart: :permanent
Shutdown: 5000
Type: :worker
18:57:42.752 [info] Child LXical.Server of Supervisor LXical.Server.Supervisor started
Pid: #PID<0.1461.0>
Start Call: LXical.Server.start_link([])
Restart: :permanent
Shutdown: 5000
Type: :worker
18:57:42.752 [info] Child LXical.Server.ProjectSupervisor of Supervisor LXical.Server.Supervisor started
Pid: #PID<0.1462.0>
Start Call: DynamicSupervisor.start_link([name: LXical.Server.ProjectSupervisor, strategy: :one_for_one])
Restart: :permanent
Shutdown: :infinity
Type: :supervisor
18:57:42.752 [info] Child LXical.Server.Provider.Queue.Supervisor of Supervisor LXical.Server.Supervisor started
Pid: #PID<0.1463.0>
Start Call: Task.Supervisor.start_link([name: LXical.Server.Provider.Queue.Supervisor])
Restart: :permanent
Shutdown: :infinity
Type: :supervisor
18:57:42.753 [info] Child LXical.Server.Provider.Queue of Supervisor LXical.Server.Supervisor started
Pid: #PID<0.1464.0>
Start Call: LXical.Server.Provider.Queue.start_link([])
Restart: :permanent
Shutdown: 5000
Type: :worker
18:57:42.753 [info] Child LXical.Server.Transport.StdIO of Supervisor LXical.Server.Supervisor started
Pid: #PID<0.1465.0>
Start Call: LXical.Server.Transport.StdIO.start_link(:standard_io, &LXical.Server.protocol_message/1)
Restart: :permanent
Shutdown: 5000
Type: :worker
18:57:42.753 [info] Application lx_server started at :nonode@nohost
18:57:42.763 [info] Starting project at uri file:///Users/zoedsoupe/dev/andromeda/andromeda-fie
18:57:42.776 [info] Child {LXical.Server.Project.Progress, "andromeda_fie"} of Supervisor :"andromeda_fie::supervisor" started
Pid: #PID<0.1467.0>
Start Call: LXical.Server.Project.Progress.start_link(%LXical.Project{root_uri: "file:///Users/zoedsoupe/dev/andromeda/andromeda-fie", mix_exs_uri: "file:///Users/zoedsoupe/dev/andromeda/andromeda-fie/mix.exs", mix_project?: true, mix_env: nil, mix_target: nil, env_variables: %{}, project_module: nil, entropy: 19265, project_config: []})
Restart: :permanent
Shutdown: 5000
Type: :worker
18:57:42.779 [info] Child {LXical.RemoteControl.ProjectNodeSupervisor, "andromeda_fie"} of Supervisor :"andromeda_fie::supervisor" started
Pid: #PID<0.1468.0>
Start Call: LXical.RemoteControl.ProjectNodeSupervisor.start_link(%LXical.Project{root_uri: "file:///Users/zoedsoupe/dev/andromeda/andromeda-fie", mix_exs_uri: "file:///Users/zoedsoupe/dev/andromeda/andromeda-fie/mix.exs", mix_project?: true, mix_env: nil, mix_target: nil, env_variables: %{}, project_module: nil, entropy: 19265, project_config: []})
Restart: :permanent
Shutdown: 5000
Type: :worker
18:57:42.789 [info] Child :erl_epmd of Supervisor :net_sup started
Pid: #PID<0.1471.0>
Start Call: :erl_epmd.start_link()
Restart: :permanent
Shutdown: 2000
Type: :worker
18:57:42.790 [info] Child :auth of Supervisor :net_sup started
Pid: #PID<0.1472.0>
Start Call: :auth.start_link()
Restart: :permanent
Shutdown: 2000
Type: :worker
18:57:42.792 [info] Child :net_kernel of Supervisor :net_sup started
Pid: #PID<0.1473.0>
Start Call: :net_kernel.start_link(%{name: :"manager-andromeda_fie-19265@127.0.0.1", supervisor: :net_sup_dynamic, net_tickintensity: 4, net_ticktime: 60, name_domain: :longnames, clean_halt: false})
Restart: :permanent
Shutdown: 2000
Type: :worker
18:57:42.792 [info] Child :net_sup_dynamic of Supervisor :kernel_sup started
Pid: #PID<0.1470.0>
Start Call: :erl_distribution.start_link(%{name: :"manager-andromeda_fie-19265@127.0.0.1", supervisor: :net_sup_dynamic, net_tickintensity: 4, net_ticktime: 60, name_domain: :longnames, clean_halt: false})
Restart: :permanent
Shutdown: 1000
Type: :supervisor
18:57:43.268 [info] Child {LXical.Server.Project.Node, "andromeda_fie"} of Supervisor :"andromeda_fie::supervisor" started
Pid: #PID<0.1469.0>
Start Call: LXical.Server.Project.Node.start_link(%LXical.Project{root_uri: "file:///Users/zoedsoupe/dev/andromeda/andromeda-fie", mix_exs_uri: "file:///Users/zoedsoupe/dev/andromeda/andromeda-fie/mix.exs", mix_project?: true, mix_env: nil, mix_target: nil, env_variables: %{}, project_module: nil, entropy: 19265, project_config: []})
Restart: :permanent
Shutdown: 5000
Type: :worker
18:57:43.271 [info] Child {LXical.Server.Project.Diagnostics, "andromeda_fie"} of Supervisor :"andromeda_fie::supervisor" started
Pid: #PID<0.1481.0>
Start Call: LXical.Server.Project.Diagnostics.start_link(%LXical.Project{root_uri: "file:///Users/zoedsoupe/dev/andromeda/andromeda-fie", mix_exs_uri: "file:///Users/zoedsoupe/dev/andromeda/andromeda-fie/mix.exs", mix_project?: true, mix_env: nil, mix_target: nil, env_variables: %{}, project_module: nil, entropy: 19265, project_config: []})
Restart: :permanent
Shutdown: 5000
Type: :worker
18:57:43.274 [info] Child {LXical.Server.Project.Intelligence, "andromeda_fie"} of Supervisor :"andromeda_fie::supervisor" started
Pid: #PID<0.1482.0>
Start Call: LXical.Server.Project.Intelligence.start_link(%LXical.Project{root_uri: "file:///Users/zoedsoupe/dev/andromeda/andromeda-fie", mix_exs_uri: "file:///Users/zoedsoupe/dev/andromeda/andromeda-fie/mix.exs", mix_project?: true, mix_env: nil, mix_target: nil, env_variables: %{}, project_module: nil, entropy: 19265, project_config: []})
Restart: :permanent
Shutdown: 5000
Type: :worker
18:57:43.276 [info] Child LXical.Server.Project.SearchListener of Supervisor :"andromeda_fie::supervisor" started
Pid: #PID<0.1483.0>
Start Call: LXical.Server.Project.SearchListener.start_link(%LXical.Project{root_uri: "file:///Users/zoedsoupe/dev/andromeda/andromeda-fie", mix_exs_uri: "file:///Users/zoedsoupe/dev/andromeda/andromeda-fie/mix.exs", mix_project?: true, mix_env: nil, mix_target: nil, env_variables: %{}, project_module: nil, entropy: 19265, project_config: []})
Restart: :permanent
Shutdown: 5000
Type: :worker
18:57:43.277 [info] Lexical Initialized
18:57:43.277 [info] opened file:///Users/zoedsoupe/dev/andromeda/andromeda-fie/lib/andromeda_web/router.ex
18:57:46.495 [info] Compiled andromeda_fie in 3.2 seconds
18:57:48.893 [error] Shutting down
18:57:48.893 [error] Received workspace/didChangeWatchedFiles after shutdown. Ignoring
18:57:48.896 [error] Child LXical.Server.Transport.StdIO of Supervisor LXical.Server.Supervisor terminated
** (exit) normal
Pid: #PID<0.1465.0>
Start Call: LXical.Server.Transport.StdIO.start_link(:standard_io, &LXical.Server.protocol_message/1)
Restart: :permanent
Shutdown: 5000
Type: :worker
18:57:48.896 [info] Child LXical.Server.Transport.StdIO of Supervisor LXical.Server.Supervisor started
Pid: #PID<0.1484.0>
Start Call: LXical.Server.Transport.StdIO.start_link(:standard_io, &LXical.Server.protocol_message/1)
Restart: :permanent
Shutdown: 5000
Type: :worker
18:57:48.896 [error] Child LXical.Server.Transport.StdIO of Supervisor LXical.Server.Supervisor terminated
** (exit) normal
Pid: #PID<0.1484.0>
Start Call: LXical.Server.Transport.StdIO.start_link(:standard_io, &LXical.Server.protocol_message/1)
Restart: :permanent
Shutdown: 5000
Type: :worker
18:57:48.897 [info] Child LXical.Server.Transport.StdIO of Supervisor LXical.Server.Supervisor started
Pid: #PID<0.1485.0>
Start Call: LXical.Server.Transport.StdIO.start_link(:standard_io, &LXical.Server.protocol_message/1)
Restart: :permanent
Shutdown: 5000
Type: :worker
18:57:48.897 [error] Child LXical.Server.Transport.StdIO of Supervisor LXical.Server.Supervisor terminated
** (exit) normal
Pid: #PID<0.1485.0>
Start Call: LXical.Server.Transport.StdIO.start_link(:standard_io, &LXical.Server.protocol_message/1)
Restart: :permanent
Shutdown: 5000
Type: :worker
18:57:48.897 [info] Child LXical.Server.Transport.StdIO of Supervisor LXical.Server.Supervisor started
Pid: #PID<0.1486.0>
Start Call: LXical.Server.Transport.StdIO.start_link(:standard_io, &LXical.Server.protocol_message/1)
Restart: :permanent
Shutdown: 5000
Type: :worker
